<?xml version="1.0" encoding="UTF-8"?>
<coverage generated="1685362492663" clover="3.2.0">
  <project timestamp="1685362492663" name="All files">
    <metrics statements="94" coveredstatements="76" conditionals="42" coveredconditionals="27" methods="34" coveredmethods="26" elements="170" coveredelements="129" complexity="0" loc="94" ncloc="94" packages="10" files="17" classes="17"/>
    <package name="src">
      <metrics statements="18" coveredstatements="6" conditionals="4" coveredconditionals="0" methods="4" coveredmethods="1"/>
      <file name="App.js" path="/Users/aditya.vibhute/GlobantFitment-UI/ecommerce/client-project/src/App.js">
        <metrics statements="3" coveredstatements="3" conditionals="0" coveredconditionals="0" methods="1" coveredmethods="1"/>
        <line num="13" count="1" type="stmt"/>
        <line num="14" count="3" type="stmt"/>
        <line num="16" count="3" type="stmt"/>
      </file>
      <file name="UserContext.js" path="/Users/aditya.vibhute/GlobantFitment-UI/ecommerce/client-project/src/UserContext.js">
        <metrics statements="3" coveredstatements="3" conditionals="0" coveredconditionals="0" methods="1" coveredmethods="0"/>
        <line num="3" count="3" type="stmt"/>
        <line num="12" count="3" type="stmt"/>
        <line num="14" count="3" type="stmt"/>
      </file>
      <file name="babel.config.js" path="/Users/aditya.vibhute/GlobantFitment-UI/ecommerce/client-project/src/babel.config.js">
        <metrics statements="1" coveredstatements="0" conditionals="0" coveredconditionals="0" methods="0" coveredmethods="0"/>
        <line num="1" count="0" type="stmt"/>
      </file>
      <file name="index.js" path="/Users/aditya.vibhute/GlobantFitment-UI/ecommerce/client-project/src/index.js">
        <metrics statements="3" coveredstatements="0" conditionals="0" coveredconditionals="0" methods="0" coveredmethods="0"/>
        <line num="8" count="0" type="stmt"/>
        <line num="9" count="0" type="stmt"/>
        <line num="18" count="0" type="stmt"/>
      </file>
      <file name="reportWebVitals.js" path="/Users/aditya.vibhute/GlobantFitment-UI/ecommerce/client-project/src/reportWebVitals.js">
        <metrics statements="8" coveredstatements="0" conditionals="4" coveredconditionals="0" methods="2" coveredmethods="0"/>
        <line num="1" count="0" type="stmt"/>
        <line num="2" count="0" type="cond" truecount="0" falsecount="4"/>
        <line num="3" count="0" type="stmt"/>
        <line num="4" count="0" type="stmt"/>
        <line num="5" count="0" type="stmt"/>
        <line num="6" count="0" type="stmt"/>
        <line num="7" count="0" type="stmt"/>
        <line num="8" count="0" type="stmt"/>
      </file>
    </package>
    <package name="src.apiUtils">
      <metrics statements="11" coveredstatements="9" conditionals="2" coveredconditionals="1" methods="5" coveredmethods="3"/>
      <file name="apiOutputHandle.js" path="/Users/aditya.vibhute/GlobantFitment-UI/ecommerce/client-project/src/apiUtils/apiOutputHandle.js">
        <metrics statements="4" coveredstatements="3" conditionals="2" coveredconditionals="1" methods="3" coveredmethods="2"/>
        <line num="1" count="3" type="stmt"/>
        <line num="2" count="1" type="cond" truecount="1" falsecount="1"/>
        <line num="5" count="3" type="stmt"/>
        <line num="6" count="0" type="stmt"/>
      </file>
      <file name="index.js" path="/Users/aditya.vibhute/GlobantFitment-UI/ecommerce/client-project/src/apiUtils/index.js">
        <metrics statements="7" coveredstatements="6" conditionals="0" coveredconditionals="0" methods="2" coveredmethods="1"/>
        <line num="3" count="2" type="stmt"/>
        <line num="5" count="2" type="stmt"/>
        <line num="9" count="2" type="stmt"/>
        <line num="10" count="1" type="stmt"/>
        <line num="11" count="1" type="stmt"/>
        <line num="14" count="2" type="stmt"/>
        <line num="15" count="0" type="stmt"/>
      </file>
    </package>
    <package name="src.components.Card">
      <metrics statements="4" coveredstatements="4" conditionals="2" coveredconditionals="2" methods="2" coveredmethods="2"/>
      <file name="categories.js" path="/Users/aditya.vibhute/GlobantFitment-UI/ecommerce/client-project/src/components/Card/categories.js">
        <metrics statements="1" coveredstatements="1" conditionals="0" coveredconditionals="0" methods="0" coveredmethods="0"/>
        <line num="1" count="3" type="stmt"/>
      </file>
      <file name="index.js" path="/Users/aditya.vibhute/GlobantFitment-UI/ecommerce/client-project/src/components/Card/index.js">
        <metrics statements="3" coveredstatements="3" conditionals="2" coveredconditionals="2" methods="2" coveredmethods="2"/>
        <line num="4" count="3" type="stmt"/>
        <line num="5" count="8" type="stmt"/>
        <line num="12" count="24" type="cond" truecount="2" falsecount="0"/>
      </file>
    </package>
    <package name="src.components.CartList">
      <metrics statements="5" coveredstatements="5" conditionals="6" coveredconditionals="5" methods="3" coveredmethods="3"/>
      <file name="index.js" path="/Users/aditya.vibhute/GlobantFitment-UI/ecommerce/client-project/src/components/CartList/index.js">
        <metrics statements="5" coveredstatements="5" conditionals="6" coveredconditionals="5" methods="3" coveredmethods="3"/>
        <line num="3" count="2" type="stmt"/>
        <line num="8" count="1" type="stmt"/>
        <line num="10" count="1" type="cond" truecount="2" falsecount="0"/>
        <line num="12" count="1" type="stmt"/>
        <line num="22" count="1" type="cond" truecount="2" falsecount="0"/>
      </file>
    </package>
    <package name="src.components.Footer">
      <metrics statements="2" coveredstatements="2" conditionals="0" coveredconditionals="0" methods="1" coveredmethods="1"/>
      <file name="index.js" path="/Users/aditya.vibhute/GlobantFitment-UI/ecommerce/client-project/src/components/Footer/index.js">
        <metrics statements="2" coveredstatements="2" conditionals="0" coveredconditionals="0" methods="1" coveredmethods="1"/>
        <line num="1" count="2" type="stmt"/>
        <line num="2" count="4" type="stmt"/>
      </file>
    </package>
    <package name="src.components.HeroBanner">
      <metrics statements="13" coveredstatements="13" conditionals="8" coveredconditionals="6" methods="9" coveredmethods="9"/>
      <file name="index.js" path="/Users/aditya.vibhute/GlobantFitment-UI/ecommerce/client-project/src/components/HeroBanner/index.js">
        <metrics statements="13" coveredstatements="13" conditionals="8" coveredconditionals="6" methods="9" coveredmethods="9"/>
        <line num="4" count="2" type="stmt"/>
        <line num="5" count="7" type="stmt"/>
        <line num="11" count="7" type="stmt"/>
        <line num="12" count="7" type="stmt"/>
        <line num="13" count="7" type="stmt"/>
        <line num="16" count="7" type="stmt"/>
        <line num="18" count="7" type="stmt"/>
        <line num="19" count="1" type="cond" truecount="1" falsecount="1"/>
        <line num="22" count="7" type="stmt"/>
        <line num="23" count="1" type="cond" truecount="1" falsecount="1"/>
        <line num="26" count="7" type="stmt"/>
        <line num="31" count="21" type="stmt"/>
        <line num="88" count="21" type="stmt"/>
      </file>
    </package>
    <package name="src.components.Navigation">
      <metrics statements="8" coveredstatements="8" conditionals="8" coveredconditionals="7" methods="2" coveredmethods="2"/>
      <file name="index.js" path="/Users/aditya.vibhute/GlobantFitment-UI/ecommerce/client-project/src/components/Navigation/index.js">
        <metrics statements="8" coveredstatements="8" conditionals="8" coveredconditionals="7" methods="2" coveredmethods="2"/>
        <line num="6" count="2" type="stmt"/>
        <line num="7" count="6" type="stmt"/>
        <line num="8" count="6" type="cond" truecount="2" falsecount="0"/>
        <line num="9" count="6" type="cond" truecount="2" falsecount="0"/>
        <line num="10" count="6" type="stmt"/>
        <line num="12" count="6" type="stmt"/>
        <line num="13" count="1" type="stmt"/>
        <line num="16" count="6" type="stmt"/>
      </file>
    </package>
    <package name="src.components.ProductCategory">
      <metrics statements="14" coveredstatements="11" conditionals="8" coveredconditionals="4" methods="5" coveredmethods="2"/>
      <file name="index.js" path="/Users/aditya.vibhute/GlobantFitment-UI/ecommerce/client-project/src/components/ProductCategory/index.js">
        <metrics statements="14" coveredstatements="11" conditionals="8" coveredconditionals="4" methods="5" coveredmethods="2"/>
        <line num="5" count="2" type="stmt"/>
        <line num="6" count="1" type="stmt"/>
        <line num="7" count="1" type="stmt"/>
        <line num="10" count="1" type="stmt"/>
        <line num="11" count="1" type="stmt"/>
        <line num="12" count="1" type="stmt"/>
        <line num="13" count="1" type="stmt"/>
        <line num="14" count="1" type="cond" truecount="1" falsecount="1"/>
        <line num="15" count="1" type="cond" truecount="1" falsecount="1"/>
        <line num="16" count="1" type="stmt"/>
        <line num="17" count="0" type="stmt"/>
        <line num="19" count="0" type="stmt"/>
        <line num="24" count="1" type="stmt"/>
        <line num="28" count="0" type="cond" truecount="1" falsecount="1"/>
      </file>
    </package>
    <package name="src.components.ProductSpecific">
      <metrics statements="11" coveredstatements="11" conditionals="0" coveredconditionals="0" methods="2" coveredmethods="2"/>
      <file name="index.js" path="/Users/aditya.vibhute/GlobantFitment-UI/ecommerce/client-project/src/components/ProductSpecific/index.js">
        <metrics statements="11" coveredstatements="11" conditionals="0" coveredconditionals="0" methods="2" coveredmethods="2"/>
        <line num="6" count="2" type="stmt"/>
        <line num="7" count="1" type="stmt"/>
        <line num="10" count="1" type="stmt"/>
        <line num="11" count="1" type="stmt"/>
        <line num="16" count="1" type="stmt"/>
        <line num="18" count="1" type="stmt"/>
        <line num="19" count="1" type="stmt"/>
        <line num="20" count="1" type="stmt"/>
        <line num="24" count="1" type="stmt"/>
        <line num="25" count="1" type="stmt"/>
        <line num="28" count="1" type="stmt"/>
      </file>
    </package>
    <package name="src.components.Store">
      <metrics statements="8" coveredstatements="7" conditionals="4" coveredconditionals="2" methods="1" coveredmethods="1"/>
      <file name="store.constants.js" path="/Users/aditya.vibhute/GlobantFitment-UI/ecommerce/client-project/src/components/Store/store.constants.js">
        <metrics statements="1" coveredstatements="1" conditionals="0" coveredconditionals="0" methods="0" coveredmethods="0"/>
        <line num="1" count="3" type="stmt"/>
      </file>
      <file name="store.reducers.js" path="/Users/aditya.vibhute/GlobantFitment-UI/ecommerce/client-project/src/components/Store/store.reducers.js">
        <metrics statements="7" coveredstatements="6" conditionals="4" coveredconditionals="2" methods="1" coveredmethods="1"/>
        <line num="3" count="2" type="stmt"/>
        <line num="8" count="2" type="cond" truecount="0" falsecount="1"/>
        <line num="12" count="2" type="stmt"/>
        <line num="14" count="2" type="cond" truecount="2" falsecount="1"/>
        <line num="16" count="1" type="stmt"/>
        <line num="21" count="0" type="stmt"/>
        <line num="23" count="1" type="stmt"/>
      </file>
    </package>
  </project>
</coverage>
