{"/Users/aditya.vibhute/GlobantFitment-UI/ecommerce/client-project/src/App.js": {"path":"/Users/aditya.vibhute/GlobantFitment-UI/ecommerce/client-project/src/App.js","statementMap":{"0":{"start":{"line":13,"column":12},"end":{"line":46,"column":1}},"1":{"start":{"line":14,"column":37},"end":{"line":14,"column":77}},"2":{"start":{"line":16,"column":2},"end":{"line":45,"column":4}}},"fnMap":{"0":{"name":"(anonymous_0)","decl":{"start":{"line":13,"column":12},"end":{"line":13,"column":13}},"loc":{"start":{"line":13,"column":18},"end":{"line":46,"column":1}},"line":13}},"branchMap":{},"s":{"0":1,"1":3,"2":3},"f":{"0":3},"b":{},"_coverageSchema":"1a1c01bbd47fc00a2c39e90264f33305004495a9","hash":"d9c3f568bcad833a2c9ce1c27ecab217bd067ccb"}
,"/Users/aditya.vibhute/GlobantFitment-UI/ecommerce/client-project/src/UserContext.js": {"path":"/Users/aditya.vibhute/GlobantFitment-UI/ecommerce/client-project/src/UserContext.js","statementMap":{"0":{"start":{"line":3,"column":23},"end":{"line":10,"column":1}},"1":{"start":{"line":12,"column":20},"end":{"line":12,"column":55}},"2":{"start":{"line":14,"column":30},"end":{"line":14,"column":59}},"3":{"start":{"line":14,"column":36},"end":{"line":14,"column":59}}},"fnMap":{"0":{"name":"(anonymous_0)","decl":{"start":{"line":14,"column":30},"end":{"line":14,"column":31}},"loc":{"start":{"line":14,"column":36},"end":{"line":14,"column":59}},"line":14}},"branchMap":{},"s":{"0":3,"1":3,"2":3,"3":0},"f":{"0":0},"b":{},"_coverageSchema":"1a1c01bbd47fc00a2c39e90264f33305004495a9","hash":"1822a85f8dbfa46705a23342956c504445ff6218"}
,"/Users/aditya.vibhute/GlobantFitment-UI/ecommerce/client-project/src/babel.config.js": {"path":"/Users/aditya.vibhute/GlobantFitment-UI/ecommerce/client-project/src/babel.config.js","statementMap":{"0":{"start":{"line":1,"column":0},"end":{"line":6,"column":2}}},"fnMap":{},"branchMap":{},"s":{"0":0},"f":{},"b":{}}
,"/Users/aditya.vibhute/GlobantFitment-UI/ecommerce/client-project/src/index.js": {"path":"/Users/aditya.vibhute/GlobantFitment-UI/ecommerce/client-project/src/index.js","statementMap":{"0":{"start":{"line":8,"column":13},"end":{"line":8,"column":65}},"1":{"start":{"line":9,"column":0},"end":{"line":13,"column":2}},"2":{"start":{"line":18,"column":0},"end":{"line":18,"column":18}}},"fnMap":{},"branchMap":{},"s":{"0":0,"1":0,"2":0},"f":{},"b":{}}
,"/Users/aditya.vibhute/GlobantFitment-UI/ecommerce/client-project/src/reportWebVitals.js": {"path":"/Users/aditya.vibhute/GlobantFitment-UI/ecommerce/client-project/src/reportWebVitals.js","statementMap":{"0":{"start":{"line":1,"column":24},"end":{"line":11,"column":1}},"1":{"start":{"line":2,"column":2},"end":{"line":10,"column":3}},"2":{"start":{"line":3,"column":4},"end":{"line":9,"column":7}},"3":{"start":{"line":4,"column":6},"end":{"line":4,"column":26}},"4":{"start":{"line":5,"column":6},"end":{"line":5,"column":26}},"5":{"start":{"line":6,"column":6},"end":{"line":6,"column":26}},"6":{"start":{"line":7,"column":6},"end":{"line":7,"column":26}},"7":{"start":{"line":8,"column":6},"end":{"line":8,"column":27}}},"fnMap":{"0":{"name":"(anonymous_0)","decl":{"start":{"line":1,"column":24},"end":{"line":1,"column":25}},"loc":{"start":{"line":1,"column":39},"end":{"line":11,"column":1}},"line":1},"1":{"name":"(anonymous_1)","decl":{"start":{"line":3,"column":30},"end":{"line":3,"column":31}},"loc":{"start":{"line":3,"column":79},"end":{"line":9,"column":5}},"line":3}},"branchMap":{"0":{"loc":{"start":{"line":2,"column":2},"end":{"line":10,"column":3}},"type":"if","locations":[{"start":{"line":2,"column":2},"end":{"line":10,"column":3}},{"start":{},"end":{}}],"line":2},"1":{"loc":{"start":{"line":2,"column":6},"end":{"line":2,"column":52}},"type":"binary-expr","locations":[{"start":{"line":2,"column":6},"end":{"line":2,"column":17}},{"start":{"line":2,"column":21},"end":{"line":2,"column":52}}],"line":2}},"s":{"0":0,"1":0,"2":0,"3":0,"4":0,"5":0,"6":0,"7":0},"f":{"0":0,"1":0},"b":{"0":[0,0],"1":[0,0]}}
,"/Users/aditya.vibhute/GlobantFitment-UI/ecommerce/client-project/src/apiUtils/apiOutputHandle.js": {"path":"/Users/aditya.vibhute/GlobantFitment-UI/ecommerce/client-project/src/apiUtils/apiOutputHandle.js","statementMap":{"0":{"start":{"line":1,"column":30},"end":{"line":3,"column":1}},"1":{"start":{"line":2,"column":4},"end":{"line":2,"column":59}},"2":{"start":{"line":2,"column":37},"end":{"line":2,"column":57}},"3":{"start":{"line":5,"column":27},"end":{"line":7,"column":1}},"4":{"start":{"line":6,"column":4},"end":{"line":6,"column":38}}},"fnMap":{"0":{"name":"(anonymous_0)","decl":{"start":{"line":1,"column":30},"end":{"line":1,"column":31}},"loc":{"start":{"line":1,"column":39},"end":{"line":3,"column":1}},"line":1},"1":{"name":"(anonymous_1)","decl":{"start":{"line":2,"column":27},"end":{"line":2,"column":28}},"loc":{"start":{"line":2,"column":37},"end":{"line":2,"column":57}},"line":2},"2":{"name":"(anonymous_2)","decl":{"start":{"line":5,"column":27},"end":{"line":5,"column":28}},"loc":{"start":{"line":5,"column":36},"end":{"line":7,"column":1}},"line":5}},"branchMap":{"0":{"loc":{"start":{"line":2,"column":37},"end":{"line":2,"column":57}},"type":"cond-expr","locations":[{"start":{"line":2,"column":46},"end":{"line":2,"column":50}},{"start":{"line":2,"column":53},"end":{"line":2,"column":57}}],"line":2}},"s":{"0":3,"1":1,"2":1,"3":3,"4":0},"f":{"0":1,"1":1,"2":0},"b":{"0":[1,0]},"_coverageSchema":"1a1c01bbd47fc00a2c39e90264f33305004495a9","hash":"dfd92bd82ad649f43f0665b5e72c249dc0d5a3f1"}
,"/Users/aditya.vibhute/GlobantFitment-UI/ecommerce/client-project/src/apiUtils/index.js": {"path":"/Users/aditya.vibhute/GlobantFitment-UI/ecommerce/client-project/src/apiUtils/index.js","statementMap":{"0":{"start":{"line":3,"column":16},"end":{"line":3,"column":42}},"1":{"start":{"line":5,"column":22},"end":{"line":7,"column":1}},"2":{"start":{"line":9,"column":38},"end":{"line":12,"column":1}},"3":{"start":{"line":10,"column":19},"end":{"line":10,"column":40}},"4":{"start":{"line":11,"column":4},"end":{"line":11,"column":71}},"5":{"start":{"line":14,"column":32},"end":{"line":16,"column":1}},"6":{"start":{"line":15,"column":4},"end":{"line":15,"column":78}}},"fnMap":{"0":{"name":"(anonymous_0)","decl":{"start":{"line":9,"column":38},"end":{"line":9,"column":39}},"loc":{"start":{"line":9,"column":53},"end":{"line":12,"column":1}},"line":9},"1":{"name":"(anonymous_1)","decl":{"start":{"line":14,"column":32},"end":{"line":14,"column":33}},"loc":{"start":{"line":14,"column":47},"end":{"line":16,"column":1}},"line":14}},"branchMap":{},"s":{"0":2,"1":2,"2":2,"3":1,"4":1,"5":2,"6":0},"f":{"0":1,"1":0},"b":{},"_coverageSchema":"1a1c01bbd47fc00a2c39e90264f33305004495a9","hash":"86e841d67930936166280d97b8b7aeba848cf3d2"}
,"/Users/aditya.vibhute/GlobantFitment-UI/ecommerce/client-project/src/components/Card/categories.js": {"path":"/Users/aditya.vibhute/GlobantFitment-UI/ecommerce/client-project/src/components/Card/categories.js","statementMap":{"0":{"start":{"line":1,"column":26},"end":{"line":23,"column":1}}},"fnMap":{},"branchMap":{},"s":{"0":3},"f":{},"b":{},"_coverageSchema":"1a1c01bbd47fc00a2c39e90264f33305004495a9","hash":"676bbba9aaaa25771aec9d3a741aa16bc4ef61ea"}
,"/Users/aditya.vibhute/GlobantFitment-UI/ecommerce/client-project/src/components/Card/index.js": {"path":"/Users/aditya.vibhute/GlobantFitment-UI/ecommerce/client-project/src/components/Card/index.js","statementMap":{"0":{"start":{"line":4,"column":13},"end":{"line":46,"column":1}},"1":{"start":{"line":5,"column":4},"end":{"line":45,"column":5}},"2":{"start":{"line":12,"column":67},"end":{"line":39,"column":30}}},"fnMap":{"0":{"name":"(anonymous_0)","decl":{"start":{"line":4,"column":13},"end":{"line":4,"column":14}},"loc":{"start":{"line":4,"column":19},"end":{"line":46,"column":1}},"line":4},"1":{"name":"(anonymous_1)","decl":{"start":{"line":12,"column":53},"end":{"line":12,"column":54}},"loc":{"start":{"line":12,"column":67},"end":{"line":39,"column":30}},"line":12}},"branchMap":{"0":{"loc":{"start":{"line":12,"column":24},"end":{"line":39,"column":31}},"type":"binary-expr","locations":[{"start":{"line":12,"column":24},"end":{"line":12,"column":34}},{"start":{"line":12,"column":38},"end":{"line":39,"column":31}}],"line":12}},"s":{"0":3,"1":8,"2":24},"f":{"0":8,"1":24},"b":{"0":[8,8]},"_coverageSchema":"1a1c01bbd47fc00a2c39e90264f33305004495a9","hash":"cdd03ff9bff2f4c82314368f75f6949555ab1748"}
,"/Users/aditya.vibhute/GlobantFitment-UI/ecommerce/client-project/src/components/CartList/index.js": {"path":"/Users/aditya.vibhute/GlobantFitment-UI/ecommerce/client-project/src/components/CartList/index.js","statementMap":{"0":{"start":{"line":3,"column":17},"end":{"line":108,"column":1}},"1":{"start":{"line":8,"column":8},"end":{"line":8,"column":24}},"2":{"start":{"line":10,"column":18},"end":{"line":10,"column":98}},"3":{"start":{"line":10,"column":74},"end":{"line":10,"column":94}},"4":{"start":{"line":12,"column":4},"end":{"line":107,"column":5}},"5":{"start":{"line":22,"column":74},"end":{"line":40,"column":34}}},"fnMap":{"0":{"name":"(anonymous_0)","decl":{"start":{"line":3,"column":17},"end":{"line":3,"column":18}},"loc":{"start":{"line":3,"column":23},"end":{"line":108,"column":1}},"line":3},"1":{"name":"(anonymous_1)","decl":{"start":{"line":10,"column":55},"end":{"line":10,"column":56}},"loc":{"start":{"line":10,"column":74},"end":{"line":10,"column":94}},"line":10},"2":{"name":"(anonymous_2)","decl":{"start":{"line":22,"column":61},"end":{"line":22,"column":62}},"loc":{"start":{"line":22,"column":74},"end":{"line":40,"column":34}},"line":22}},"branchMap":{"0":{"loc":{"start":{"line":10,"column":18},"end":{"line":10,"column":98}},"type":"binary-expr","locations":[{"start":{"line":10,"column":18},"end":{"line":10,"column":34}},{"start":{"line":10,"column":38},"end":{"line":10,"column":98}}],"line":10},"1":{"loc":{"start":{"line":22,"column":28},"end":{"line":41,"column":29}},"type":"binary-expr","locations":[{"start":{"line":22,"column":28},"end":{"line":22,"column":44}},{"start":{"line":22,"column":48},"end":{"line":41,"column":29}}],"line":22},"2":{"loc":{"start":{"line":45,"column":24},"end":{"line":69,"column":37}},"type":"cond-expr","locations":[{"start":{"line":45,"column":43},"end":{"line":69,"column":30}},{"start":{"line":69,"column":33},"end":{"line":69,"column":37}}],"line":45}},"s":{"0":2,"1":1,"2":1,"3":1,"4":1,"5":1},"f":{"0":1,"1":1,"2":1},"b":{"0":[1,1],"1":[1,1],"2":[1,0]},"_coverageSchema":"1a1c01bbd47fc00a2c39e90264f33305004495a9","hash":"e1ca67da91b471d13176f370cdf768d4e01ae432"}
,"/Users/aditya.vibhute/GlobantFitment-UI/ecommerce/client-project/src/components/Footer/index.js": {"path":"/Users/aditya.vibhute/GlobantFitment-UI/ecommerce/client-project/src/components/Footer/index.js","statementMap":{"0":{"start":{"line":1,"column":15},"end":{"line":12,"column":1}},"1":{"start":{"line":2,"column":4},"end":{"line":11,"column":5}}},"fnMap":{"0":{"name":"(anonymous_0)","decl":{"start":{"line":1,"column":15},"end":{"line":1,"column":16}},"loc":{"start":{"line":1,"column":21},"end":{"line":12,"column":1}},"line":1}},"branchMap":{},"s":{"0":2,"1":4},"f":{"0":4},"b":{},"_coverageSchema":"1a1c01bbd47fc00a2c39e90264f33305004495a9","hash":"1c0b9529fdec638d7462e3ef1cce5658a49967b3"}
,"/Users/aditya.vibhute/GlobantFitment-UI/ecommerce/client-project/src/components/HeroBanner/index.js": {"path":"/Users/aditya.vibhute/GlobantFitment-UI/ecommerce/client-project/src/components/HeroBanner/index.js","statementMap":{"0":{"start":{"line":4,"column":19},"end":{"line":99,"column":1}},"1":{"start":{"line":5,"column":19},"end":{"line":9,"column":5}},"2":{"start":{"line":11,"column":4},"end":{"line":14,"column":6}},"3":{"start":{"line":12,"column":30},"end":{"line":12,"column":53}},"4":{"start":{"line":13,"column":8},"end":{"line":13,"column":50}},"5":{"start":{"line":13,"column":21},"end":{"line":13,"column":49}},"6":{"start":{"line":16,"column":34},"end":{"line":16,"column":45}},"7":{"start":{"line":18,"column":17},"end":{"line":20,"column":5}},"8":{"start":{"line":19,"column":8},"end":{"line":19,"column":73}},"9":{"start":{"line":19,"column":30},"end":{"line":19,"column":71}},"10":{"start":{"line":22,"column":17},"end":{"line":24,"column":5}},"11":{"start":{"line":23,"column":8},"end":{"line":23,"column":73}},"12":{"start":{"line":23,"column":30},"end":{"line":23,"column":71}},"13":{"start":{"line":26,"column":4},"end":{"line":98,"column":5}},"14":{"start":{"line":31,"column":24},"end":{"line":31,"column":104}},"15":{"start":{"line":88,"column":28},"end":{"line":91,"column":32}}},"fnMap":{"0":{"name":"(anonymous_0)","decl":{"start":{"line":4,"column":19},"end":{"line":4,"column":20}},"loc":{"start":{"line":4,"column":25},"end":{"line":99,"column":1}},"line":4},"1":{"name":"(anonymous_1)","decl":{"start":{"line":11,"column":14},"end":{"line":11,"column":15}},"loc":{"start":{"line":11,"column":20},"end":{"line":14,"column":5}},"line":11},"2":{"name":"(anonymous_2)","decl":{"start":{"line":13,"column":15},"end":{"line":13,"column":16}},"loc":{"start":{"line":13,"column":21},"end":{"line":13,"column":49}},"line":13},"3":{"name":"(anonymous_3)","decl":{"start":{"line":18,"column":17},"end":{"line":18,"column":18}},"loc":{"start":{"line":18,"column":23},"end":{"line":20,"column":5}},"line":18},"4":{"name":"(anonymous_4)","decl":{"start":{"line":19,"column":19},"end":{"line":19,"column":20}},"loc":{"start":{"line":19,"column":30},"end":{"line":19,"column":71}},"line":19},"5":{"name":"(anonymous_5)","decl":{"start":{"line":22,"column":17},"end":{"line":22,"column":18}},"loc":{"start":{"line":22,"column":23},"end":{"line":24,"column":5}},"line":22},"6":{"name":"(anonymous_6)","decl":{"start":{"line":23,"column":19},"end":{"line":23,"column":20}},"loc":{"start":{"line":23,"column":30},"end":{"line":23,"column":71}},"line":23},"7":{"name":"(anonymous_7)","decl":{"start":{"line":30,"column":42},"end":{"line":30,"column":43}},"loc":{"start":{"line":30,"column":53},"end":{"line":32,"column":21}},"line":30},"8":{"name":"(anonymous_8)","decl":{"start":{"line":87,"column":36},"end":{"line":87,"column":37}},"loc":{"start":{"line":88,"column":28},"end":{"line":91,"column":32}},"line":88}},"branchMap":{"0":{"loc":{"start":{"line":19,"column":30},"end":{"line":19,"column":71}},"type":"cond-expr","locations":[{"start":{"line":19,"column":43},"end":{"line":19,"column":60}},{"start":{"line":19,"column":63},"end":{"line":19,"column":71}}],"line":19},"1":{"loc":{"start":{"line":23,"column":30},"end":{"line":23,"column":71}},"type":"cond-expr","locations":[{"start":{"line":23,"column":59},"end":{"line":23,"column":60}},{"start":{"line":23,"column":63},"end":{"line":23,"column":71}}],"line":23},"2":{"loc":{"start":{"line":30,"column":21},"end":{"line":32,"column":22}},"type":"binary-expr","locations":[{"start":{"line":30,"column":21},"end":{"line":30,"column":27}},{"start":{"line":30,"column":31},"end":{"line":32,"column":22}}],"line":30},"3":{"loc":{"start":{"line":90,"column":26},"end":{"line":90,"column":65}},"type":"cond-expr","locations":[{"start":{"line":90,"column":42},"end":{"line":90,"column":47}},{"start":{"line":90,"column":50},"end":{"line":90,"column":65}}],"line":90}},"s":{"0":2,"1":7,"2":7,"3":7,"4":7,"5":7,"6":7,"7":7,"8":1,"9":1,"10":7,"11":1,"12":1,"13":7,"14":21,"15":21},"f":{"0":7,"1":7,"2":7,"3":1,"4":1,"5":1,"6":1,"7":21,"8":21},"b":{"0":[0,1],"1":[0,1],"2":[7,7],"3":[7,14]},"_coverageSchema":"1a1c01bbd47fc00a2c39e90264f33305004495a9","hash":"99c584185fe43dd308cfe857e2eb544a00b3cce4"}
,"/Users/aditya.vibhute/GlobantFitment-UI/ecommerce/client-project/src/components/Navigation/index.js": {"path":"/Users/aditya.vibhute/GlobantFitment-UI/ecommerce/client-project/src/components/Navigation/index.js","statementMap":{"0":{"start":{"line":6,"column":19},"end":{"line":97,"column":1}},"1":{"start":{"line":7,"column":40},"end":{"line":7,"column":55}},"2":{"start":{"line":8,"column":32},"end":{"line":8,"column":71}},"3":{"start":{"line":9,"column":20},"end":{"line":9,"column":47}},"4":{"start":{"line":10,"column":24},"end":{"line":10,"column":47}},"5":{"start":{"line":12,"column":23},"end":{"line":14,"column":5}},"6":{"start":{"line":13,"column":8},"end":{"line":13,"column":35}},"7":{"start":{"line":16,"column":4},"end":{"line":96,"column":5}}},"fnMap":{"0":{"name":"(anonymous_0)","decl":{"start":{"line":6,"column":19},"end":{"line":6,"column":20}},"loc":{"start":{"line":6,"column":25},"end":{"line":97,"column":1}},"line":6},"1":{"name":"(anonymous_1)","decl":{"start":{"line":12,"column":23},"end":{"line":12,"column":24}},"loc":{"start":{"line":12,"column":29},"end":{"line":14,"column":5}},"line":12}},"branchMap":{"0":{"loc":{"start":{"line":8,"column":32},"end":{"line":8,"column":71}},"type":"cond-expr","locations":[{"start":{"line":8,"column":45},"end":{"line":8,"column":66}},{"start":{"line":8,"column":69},"end":{"line":8,"column":71}}],"line":8},"1":{"loc":{"start":{"line":9,"column":20},"end":{"line":9,"column":47}},"type":"cond-expr","locations":[{"start":{"line":9,"column":34},"end":{"line":9,"column":42}},{"start":{"line":9,"column":45},"end":{"line":9,"column":47}}],"line":9},"2":{"loc":{"start":{"line":87,"column":42},"end":{"line":87,"column":358}},"type":"cond-expr","locations":[{"start":{"line":87,"column":110},"end":{"line":87,"column":353}},{"start":{"line":87,"column":356},"end":{"line":87,"column":358}}],"line":87},"3":{"loc":{"start":{"line":87,"column":42},"end":{"line":87,"column":107}},"type":"binary-expr","locations":[{"start":{"line":87,"column":42},"end":{"line":87,"column":69}},{"start":{"line":87,"column":73},"end":{"line":87,"column":107}}],"line":87}},"s":{"0":2,"1":6,"2":6,"3":6,"4":6,"5":6,"6":1,"7":6},"f":{"0":6,"1":1},"b":{"0":[1,5],"1":[5,1],"2":[0,6],"3":[6,3]},"_coverageSchema":"1a1c01bbd47fc00a2c39e90264f33305004495a9","hash":"c8b6b67a5d22175c452054091439771c84d13565"}
,"/Users/aditya.vibhute/GlobantFitment-UI/ecommerce/client-project/src/components/ProductCategory/index.js": {"path":"/Users/aditya.vibhute/GlobantFitment-UI/ecommerce/client-project/src/components/ProductCategory/index.js","statementMap":{"0":{"start":{"line":5,"column":24},"end":{"line":53,"column":1}},"1":{"start":{"line":6,"column":36},"end":{"line":6,"column":48}},"2":{"start":{"line":7,"column":30},"end":{"line":7,"column":42}},"3":{"start":{"line":10,"column":8},"end":{"line":10,"column":21}},"4":{"start":{"line":11,"column":4},"end":{"line":22,"column":19}},"5":{"start":{"line":12,"column":30},"end":{"line":12,"column":55}},"6":{"start":{"line":13,"column":27},"end":{"line":13,"column":73}},"7":{"start":{"line":14,"column":26},"end":{"line":14,"column":101}},"8":{"start":{"line":15,"column":8},"end":{"line":21,"column":9}},"9":{"start":{"line":16,"column":12},"end":{"line":20,"column":19}},"10":{"start":{"line":17,"column":36},"end":{"line":17,"column":57}},"11":{"start":{"line":19,"column":20},"end":{"line":19,"column":42}},"12":{"start":{"line":24,"column":4},"end":{"line":52,"column":5}},"13":{"start":{"line":28,"column":66},"end":{"line":37,"column":26}}},"fnMap":{"0":{"name":"(anonymous_0)","decl":{"start":{"line":5,"column":24},"end":{"line":5,"column":25}},"loc":{"start":{"line":5,"column":30},"end":{"line":53,"column":1}},"line":5},"1":{"name":"(anonymous_1)","decl":{"start":{"line":11,"column":14},"end":{"line":11,"column":15}},"loc":{"start":{"line":11,"column":20},"end":{"line":22,"column":5}},"line":11},"2":{"name":"(anonymous_2)","decl":{"start":{"line":17,"column":22},"end":{"line":17,"column":23}},"loc":{"start":{"line":17,"column":36},"end":{"line":17,"column":57}},"line":17},"3":{"name":"(anonymous_3)","decl":{"start":{"line":18,"column":23},"end":{"line":18,"column":24}},"loc":{"start":{"line":18,"column":32},"end":{"line":20,"column":17}},"line":18},"4":{"name":"(anonymous_4)","decl":{"start":{"line":28,"column":53},"end":{"line":28,"column":54}},"loc":{"start":{"line":28,"column":66},"end":{"line":37,"column":26}},"line":28}},"branchMap":{"0":{"loc":{"start":{"line":14,"column":26},"end":{"line":14,"column":101}},"type":"cond-expr","locations":[{"start":{"line":14,"column":60},"end":{"line":14,"column":76}},{"start":{"line":14,"column":79},"end":{"line":14,"column":101}}],"line":14},"1":{"loc":{"start":{"line":15,"column":8},"end":{"line":21,"column":9}},"type":"if","locations":[{"start":{"line":15,"column":8},"end":{"line":21,"column":9}},{"start":{},"end":{}}],"line":15},"2":{"loc":{"start":{"line":28,"column":21},"end":{"line":46,"column":26}},"type":"cond-expr","locations":[{"start":{"line":28,"column":40},"end":{"line":38,"column":21}},{"start":{"line":38,"column":24},"end":{"line":46,"column":26}}],"line":28},"3":{"loc":{"start":{"line":49,"column":17},"end":{"line":49,"column":40}},"type":"binary-expr","locations":[{"start":{"line":49,"column":17},"end":{"line":49,"column":22}},{"start":{"line":49,"column":26},"end":{"line":49,"column":40}}],"line":49}},"s":{"0":2,"1":1,"2":1,"3":1,"4":1,"5":1,"6":1,"7":1,"8":1,"9":1,"10":0,"11":0,"12":1,"13":0},"f":{"0":1,"1":1,"2":0,"3":0,"4":0},"b":{"0":[0,1],"1":[1,0],"2":[0,1],"3":[1,0]},"_coverageSchema":"1a1c01bbd47fc00a2c39e90264f33305004495a9","hash":"e161f6eca57d37a1085aa61a27fff50d28e89c8a"}
,"/Users/aditya.vibhute/GlobantFitment-UI/ecommerce/client-project/src/components/ProductSpecific/index.js": {"path":"/Users/aditya.vibhute/GlobantFitment-UI/ecommerce/client-project/src/components/ProductSpecific/index.js","statementMap":{"0":{"start":{"line":6,"column":24},"end":{"line":46,"column":1}},"1":{"start":{"line":7,"column":21},"end":{"line":7,"column":34}},"2":{"start":{"line":10,"column":8},"end":{"line":10,"column":16}},"3":{"start":{"line":11,"column":21},"end":{"line":11,"column":34}},"4":{"start":{"line":16,"column":8},"end":{"line":16,"column":31}},"5":{"start":{"line":18,"column":31},"end":{"line":26,"column":5}},"6":{"start":{"line":19,"column":6},"end":{"line":19,"column":42}},"7":{"start":{"line":20,"column":19},"end":{"line":23,"column":7}},"8":{"start":{"line":24,"column":6},"end":{"line":24,"column":62}},"9":{"start":{"line":25,"column":6},"end":{"line":25,"column":23}},"10":{"start":{"line":28,"column":4},"end":{"line":45,"column":5}}},"fnMap":{"0":{"name":"(anonymous_0)","decl":{"start":{"line":6,"column":24},"end":{"line":6,"column":25}},"loc":{"start":{"line":6,"column":30},"end":{"line":46,"column":1}},"line":6},"1":{"name":"(anonymous_1)","decl":{"start":{"line":18,"column":31},"end":{"line":18,"column":32}},"loc":{"start":{"line":18,"column":37},"end":{"line":26,"column":5}},"line":18}},"branchMap":{},"s":{"0":2,"1":1,"2":1,"3":1,"4":1,"5":1,"6":1,"7":1,"8":1,"9":1,"10":1},"f":{"0":1,"1":1},"b":{},"_coverageSchema":"1a1c01bbd47fc00a2c39e90264f33305004495a9","hash":"cf455a530510c8c6f5e4a60323bea1e868e01a08"}
,"/Users/aditya.vibhute/GlobantFitment-UI/ecommerce/client-project/src/components/Store/store.constants.js": {"path":"/Users/aditya.vibhute/GlobantFitment-UI/ecommerce/client-project/src/components/Store/store.constants.js","statementMap":{"0":{"start":{"line":1,"column":26},"end":{"line":4,"column":1}}},"fnMap":{},"branchMap":{},"s":{"0":3},"f":{},"b":{},"_coverageSchema":"1a1c01bbd47fc00a2c39e90264f33305004495a9","hash":"e1ff6e98f5e3a5a15153f700d3810bd136187b1c"}
,"/Users/aditya.vibhute/GlobantFitment-UI/ecommerce/client-project/src/components/Store/store.reducers.js": {"path":"/Users/aditya.vibhute/GlobantFitment-UI/ecommerce/client-project/src/components/Store/store.reducers.js","statementMap":{"0":{"start":{"line":3,"column":28},"end":{"line":6,"column":1}},"1":{"start":{"line":8,"column":30},"end":{"line":25,"column":1}},"2":{"start":{"line":12,"column":8},"end":{"line":12,"column":14}},"3":{"start":{"line":14,"column":4},"end":{"line":24,"column":5}},"4":{"start":{"line":16,"column":12},"end":{"line":19,"column":13}},"5":{"start":{"line":21,"column":12},"end":{"line":21,"column":18}},"6":{"start":{"line":23,"column":12},"end":{"line":23,"column":29}}},"fnMap":{"0":{"name":"(anonymous_0)","decl":{"start":{"line":8,"column":30},"end":{"line":8,"column":31}},"loc":{"start":{"line":8,"column":64},"end":{"line":25,"column":1}},"line":8}},"branchMap":{"0":{"loc":{"start":{"line":8,"column":31},"end":{"line":8,"column":51}},"type":"default-arg","locations":[{"start":{"line":8,"column":39},"end":{"line":8,"column":51}}],"line":8},"1":{"loc":{"start":{"line":14,"column":4},"end":{"line":24,"column":5}},"type":"switch","locations":[{"start":{"line":15,"column":8},"end":{"line":19,"column":13}},{"start":{"line":20,"column":8},"end":{"line":21,"column":18}},{"start":{"line":22,"column":8},"end":{"line":23,"column":29}}],"line":14}},"s":{"0":2,"1":2,"2":2,"3":2,"4":1,"5":0,"6":1},"f":{"0":2},"b":{"0":[0],"1":[1,0,1]},"_coverageSchema":"1a1c01bbd47fc00a2c39e90264f33305004495a9","hash":"ef1df008151cf707d277cdd3f4e8e09960a0502c"}
}
