TN:
SF:src/App.js
FN:13,(anonymous_0)
FNF:1
FNH:1
FNDA:3,(anonymous_0)
DA:13,1
DA:14,3
DA:16,3
LF:3
LH:3
BRF:0
BRH:0
end_of_record
TN:
SF:src/UserContext.js
FN:14,(anonymous_0)
FNF:1
FNH:0
FNDA:0,(anonymous_0)
DA:3,3
DA:12,3
DA:14,3
LF:3
LH:3
BRF:0
BRH:0
end_of_record
TN:
SF:src/babel.config.js
FNF:0
FNH:0
DA:1,0
LF:1
LH:0
BRF:0
BRH:0
end_of_record
TN:
SF:src/index.js
FNF:0
FNH:0
DA:8,0
DA:9,0
DA:18,0
LF:3
LH:0
BRF:0
BRH:0
end_of_record
TN:
SF:src/reportWebVitals.js
FN:1,(anonymous_0)
FN:3,(anonymous_1)
FNF:2
FNH:0
FNDA:0,(anonymous_0)
FNDA:0,(anonymous_1)
DA:1,0
DA:2,0
DA:3,0
DA:4,0
DA:5,0
DA:6,0
DA:7,0
DA:8,0
LF:8
LH:0
BRDA:2,0,0,0
BRDA:2,0,1,0
BRDA:2,1,0,0
BRDA:2,1,1,0
BRF:4
BRH:0
end_of_record
TN:
SF:src/apiUtils/apiOutputHandle.js
FN:1,(anonymous_0)
FN:2,(anonymous_1)
FN:5,(anonymous_2)
FNF:3
FNH:2
FNDA:1,(anonymous_0)
FNDA:1,(anonymous_1)
FNDA:0,(anonymous_2)
DA:1,3
DA:2,1
DA:5,3
DA:6,0
LF:4
LH:3
BRDA:2,0,0,1
BRDA:2,0,1,0
BRF:2
BRH:1
end_of_record
TN:
SF:src/apiUtils/index.js
FN:9,(anonymous_0)
FN:14,(anonymous_1)
FNF:2
FNH:1
FNDA:1,(anonymous_0)
FNDA:0,(anonymous_1)
DA:3,2
DA:5,2
DA:9,2
DA:10,1
DA:11,1
DA:14,2
DA:15,0
LF:7
LH:6
BRF:0
BRH:0
end_of_record
TN:
SF:src/components/Card/categories.js
FNF:0
FNH:0
DA:1,3
LF:1
LH:1
BRF:0
BRH:0
end_of_record
TN:
SF:src/components/Card/index.js
FN:4,(anonymous_0)
FN:12,(anonymous_1)
FNF:2
FNH:2
FNDA:8,(anonymous_0)
FNDA:24,(anonymous_1)
DA:4,3
DA:5,8
DA:12,24
LF:3
LH:3
BRDA:12,0,0,8
BRDA:12,0,1,8
BRF:2
BRH:2
end_of_record
TN:
SF:src/components/CartList/index.js
FN:3,(anonymous_0)
FN:10,(anonymous_1)
FN:22,(anonymous_2)
FNF:3
FNH:3
FNDA:1,(anonymous_0)
FNDA:1,(anonymous_1)
FNDA:1,(anonymous_2)
DA:3,2
DA:8,1
DA:10,1
DA:12,1
DA:22,1
LF:5
LH:5
BRDA:10,0,0,1
BRDA:10,0,1,1
BRDA:22,1,0,1
BRDA:22,1,1,1
BRDA:45,2,0,1
BRDA:45,2,1,0
BRF:6
BRH:5
end_of_record
TN:
SF:src/components/Footer/index.js
FN:1,(anonymous_0)
FNF:1
FNH:1
FNDA:4,(anonymous_0)
DA:1,2
DA:2,4
LF:2
LH:2
BRF:0
BRH:0
end_of_record
TN:
SF:src/components/HeroBanner/index.js
FN:4,(anonymous_0)
FN:11,(anonymous_1)
FN:13,(anonymous_2)
FN:18,(anonymous_3)
FN:19,(anonymous_4)
FN:22,(anonymous_5)
FN:23,(anonymous_6)
FN:30,(anonymous_7)
FN:87,(anonymous_8)
FNF:9
FNH:9
FNDA:7,(anonymous_0)
FNDA:7,(anonymous_1)
FNDA:7,(anonymous_2)
FNDA:1,(anonymous_3)
FNDA:1,(anonymous_4)
FNDA:1,(anonymous_5)
FNDA:1,(anonymous_6)
FNDA:21,(anonymous_7)
FNDA:21,(anonymous_8)
DA:4,2
DA:5,7
DA:11,7
DA:12,7
DA:13,7
DA:16,7
DA:18,7
DA:19,1
DA:22,7
DA:23,1
DA:26,7
DA:31,21
DA:88,21
LF:13
LH:13
BRDA:19,0,0,0
BRDA:19,0,1,1
BRDA:23,1,0,0
BRDA:23,1,1,1
BRDA:30,2,0,7
BRDA:30,2,1,7
BRDA:90,3,0,7
BRDA:90,3,1,14
BRF:8
BRH:6
end_of_record
TN:
SF:src/components/Navigation/index.js
FN:6,(anonymous_0)
FN:12,(anonymous_1)
FNF:2
FNH:2
FNDA:6,(anonymous_0)
FNDA:1,(anonymous_1)
DA:6,2
DA:7,6
DA:8,6
DA:9,6
DA:10,6
DA:12,6
DA:13,1
DA:16,6
LF:8
LH:8
BRDA:8,0,0,1
BRDA:8,0,1,5
BRDA:9,1,0,5
BRDA:9,1,1,1
BRDA:87,2,0,0
BRDA:87,2,1,6
BRDA:87,3,0,6
BRDA:87,3,1,3
BRF:8
BRH:7
end_of_record
TN:
SF:src/components/ProductCategory/index.js
FN:5,(anonymous_0)
FN:11,(anonymous_1)
FN:17,(anonymous_2)
FN:18,(anonymous_3)
FN:28,(anonymous_4)
FNF:5
FNH:2
FNDA:1,(anonymous_0)
FNDA:1,(anonymous_1)
FNDA:0,(anonymous_2)
FNDA:0,(anonymous_3)
FNDA:0,(anonymous_4)
DA:5,2
DA:6,1
DA:7,1
DA:10,1
DA:11,1
DA:12,1
DA:13,1
DA:14,1
DA:15,1
DA:16,1
DA:17,0
DA:19,0
DA:24,1
DA:28,0
LF:14
LH:11
BRDA:14,0,0,0
BRDA:14,0,1,1
BRDA:15,1,0,1
BRDA:15,1,1,0
BRDA:28,2,0,0
BRDA:28,2,1,1
BRDA:49,3,0,1
BRDA:49,3,1,0
BRF:8
BRH:4
end_of_record
TN:
SF:src/components/ProductSpecific/index.js
FN:6,(anonymous_0)
FN:18,(anonymous_1)
FNF:2
FNH:2
FNDA:1,(anonymous_0)
FNDA:1,(anonymous_1)
DA:6,2
DA:7,1
DA:10,1
DA:11,1
DA:16,1
DA:18,1
DA:19,1
DA:20,1
DA:24,1
DA:25,1
DA:28,1
LF:11
LH:11
BRF:0
BRH:0
end_of_record
TN:
SF:src/components/Store/store.constants.js
FNF:0
FNH:0
DA:1,3
LF:1
LH:1
BRF:0
BRH:0
end_of_record
TN:
SF:src/components/Store/store.reducers.js
FN:8,(anonymous_0)
FNF:1
FNH:1
FNDA:2,(anonymous_0)
DA:3,2
DA:8,2
DA:12,2
DA:14,2
DA:16,1
DA:21,0
DA:23,1
LF:7
LH:6
BRDA:8,0,0,0
BRDA:14,1,0,1
BRDA:14,1,1,0
BRDA:14,1,2,1
BRF:4
BRH:2
end_of_record
